<?xml version="1.0" encoding="UTF-8"?>
<!-- Generated by org.testng.reporters.JUnitReportReporter -->
<testsuite hostname="BA-000095818" failures="0" tests="3" name="files.DynamicJson" time="4.466" errors="0" timestamp="2022-06-29T13:11:18 EDT" skipped="0">
  <testcase classname="files.DynamicJson" name="addBook" time="0.177"/>
  <system-out/>
  <testcase classname="files.DynamicJson" name="addBook" time="4.112"/>
  <system-out/>
  <testcase classname="files.DynamicJson" name="addBook" time="0.177"/>
  <system-out/>
</testsuite> <!-- files.DynamicJson -->
