<?xml version="1.0" encoding="UTF-8"?>
<!-- Generated by org.testng.reporters.JUnitReportReporter -->
<testsuite hostname="BA-000095818" failures="0" tests="1" name="com.bdd.APIFramework.AppTest" time="0.005" errors="0" timestamp="2022-07-24T03:55:05 EDT" skipped="0">
  <testcase classname="com.bdd.APIFramework.AppTest" name="shouldAnswerWithTrue" time="0.005"/>
  <system-out/>
</testsuite> <!-- com.bdd.APIFramework.AppTest -->
